Started by user unknown or anonymous
Running as SYSTEM
Building in workspace /var/jenkins_home/workspace/tp_pipeline
The recommended git tool is: NONE
using credential a70bea40-a8ab-4293-92b3-6a15076000dc
 > git rev-parse --resolve-git-dir /var/jenkins_home/workspace/tp_pipeline/.git # timeout=10
Fetching changes from the remote Git repository
 > git config remote.origin.url https://github.com/linceyjerome/tpFinalCICD.git # timeout=10
Fetching upstream changes from https://github.com/linceyjerome/tpFinalCICD.git
 > git --version # timeout=10
 > git --version # 'git version 2.39.5'
using GIT_ASKPASS to set credentials 
 > git fetch --tags --force --progress -- https://github.com/linceyjerome/tpFinalCICD.git +refs/heads/*:refs/remotes/origin/* # timeout=10
 > git rev-parse refs/remotes/origin/master^{commit} # timeout=10
Checking out Revision ad2ce102d254360cbd9d9bd5a32aad3f966b8f34 (refs/remotes/origin/master)
 > git config core.sparsecheckout # timeout=10
 > git checkout -f ad2ce102d254360cbd9d9bd5a32aad3f966b8f34 # timeout=10
Commit message: "changing docker file"
 > git rev-list --no-walk ad2ce102d254360cbd9d9bd5a32aad3f966b8f34 # timeout=10
[tp_pipeline] $ /var/jenkins_home/tools/hudson.tasks.Maven_MavenInstallation/Maven/bin/mvn clean install
[INFO] Scanning for projects...
[INFO] 
[INFO] --------------------------< org.example:demo >--------------------------
[INFO] Building demo 1.0-SNAPSHOT
[INFO]   from pom.xml
[INFO] --------------------------------[ war ]---------------------------------
[INFO] 
[INFO] --- clean:3.2.0:clean (default-clean) @ demo ---
[INFO] Deleting /var/jenkins_home/workspace/tp_pipeline/target
[INFO] 
[INFO] --- resources:3.3.1:resources (default-resources) @ demo ---
[INFO] Copying 2 resources from src/main/resources to target/classes
[INFO] 
[INFO] --- compiler:3.13.0:compile (default-compile) @ demo ---
[INFO] Recompiling the module because of changed source code.
[INFO] Compiling 3 source files with javac [debug target 21] to target/classes
[INFO] 
[INFO] --- resources:3.3.1:testResources (default-testResources) @ demo ---
[INFO] skip non existing resourceDirectory /var/jenkins_home/workspace/tp_pipeline/src/test/resources
[INFO] 
[INFO] --- compiler:3.13.0:testCompile (default-testCompile) @ demo ---
[INFO] No sources to compile
[INFO] 
[INFO] --- surefire:3.2.5:test (default-test) @ demo ---
[INFO] No tests to run.
[INFO] 
[INFO] --- war:3.4.0:war (default-war) @ demo ---
[INFO] Packaging webapp
[INFO] Assembling webapp [demo] in [/var/jenkins_home/workspace/tp_pipeline/target/demo-1.0-SNAPSHOT]
[INFO] Processing war project
[INFO] Copying webapp resources [/var/jenkins_home/workspace/tp_pipeline/src/main/webapp]
[INFO] Building war: /var/jenkins_home/workspace/tp_pipeline/target/demo-1.0-SNAPSHOT.war
[INFO] 
[INFO] --- install:3.1.2:install (default-install) @ demo ---
[INFO] Installing /var/jenkins_home/workspace/tp_pipeline/pom.xml to /var/jenkins_home/.m2/repository/org/example/demo/1.0-SNAPSHOT/demo-1.0-SNAPSHOT.pom
[INFO] Installing /var/jenkins_home/workspace/tp_pipeline/target/demo-1.0-SNAPSHOT.war to /var/jenkins_home/.m2/repository/org/example/demo/1.0-SNAPSHOT/demo-1.0-SNAPSHOT.war
[INFO] ------------------------------------------------------------------------
[INFO] BUILD SUCCESS
[INFO] ------------------------------------------------------------------------
[INFO] Total time:  2.911 s
[INFO] Finished at: 2025-04-09T00:49:24Z
[INFO] ------------------------------------------------------------------------
[tp_pipeline] $ docker build -t lincey/tp_pipeline:2 --pull=true /var/jenkins_home/workspace/tp_pipeline
ERROR: Cannot run program "docker" (in directory "/var/jenkins_home/workspace/tp_pipeline"): error=2, No such file or directory
java.io.IOException: Cannot run program "docker" (in directory "/var/jenkins_home/workspace/tp_pipeline"): error=2, No such file or directory
	at java.base/java.lang.ProcessBuilder.start(Unknown Source)
	at java.base/java.lang.ProcessBuilder.start(Unknown Source)
	at hudson.Proc$LocalProc.<init>(Proc.java:252)
	at hudson.Proc$LocalProc.<init>(Proc.java:221)
	at hudson.Launcher$LocalLauncher.launch(Launcher.java:995)
	at hudson.Launcher$ProcStarter.start(Launcher.java:507)
	at PluginClassLoader for docker-build-publish//com.cloudbees.dockerpublish.DockerBuilder$Perform.executeCmd(DockerBuilder.java:489)
	at PluginClassLoader for docker-build-publish//com.cloudbees.dockerpublish.DockerBuilder$Perform.executeCmd(DockerBuilder.java:431)
	at PluginClassLoader for docker-build-publish//com.cloudbees.dockerpublish.DockerBuilder$Perform.buildAndTag(DockerBuilder.java:373)
	at PluginClassLoader for docker-build-publish//com.cloudbees.dockerpublish.DockerBuilder$Perform.exec(DockerBuilder.java:311)
	at PluginClassLoader for docker-build-publish//com.cloudbees.dockerpublish.DockerBuilder$Perform.access$100(DockerBuilder.java:291)
	at PluginClassLoader for docker-build-publish//com.cloudbees.dockerpublish.DockerBuilder.perform(DockerBuilder.java:262)
	at hudson.tasks.BuildStepMonitor$1.perform(BuildStepMonitor.java:20)
	at hudson.model.AbstractBuild$AbstractBuildExecution.perform(AbstractBuild.java:818)
	at hudson.model.Build$BuildExecution.build(Build.java:199)
	at hudson.model.Build$BuildExecution.doRun(Build.java:164)
	at hudson.model.AbstractBuild$AbstractBuildExecution.run(AbstractBuild.java:527)
	at hudson.model.Run.execute(Run.java:1840)
	at hudson.model.FreeStyleBuild.run(FreeStyleBuild.java:44)
	at hudson.model.ResourceController.execute(ResourceController.java:101)
	at hudson.model.Executor.run(Executor.java:446)
Caused by: java.io.IOException: error=2, No such file or directory
	at java.base/java.lang.ProcessImpl.forkAndExec(Native Method)
	at java.base/java.lang.ProcessImpl.<init>(Unknown Source)
	at java.base/java.lang.ProcessImpl.start(Unknown Source)
	... 21 more
Build step 'Docker Build and Publish' marked build as failure
Finished: FAILURE
